<?xml version="1.0" encoding="UTF-8"?>
<testng-results ignored="0" total="1" passed="1" failed="0" skipped="0">
  <reporter-output>
  </reporter-output>
  <suite started-at="2026-04-21T22:44:59 CEST" name="Surefire suite" finished-at="2026-04-21T22:45:06 CEST" duration-ms="7320">
    <groups>
    </groups>
    <test started-at="2026-04-21T22:44:59 CEST" name="Surefire test" finished-at="2026-04-21T22:45:06 CEST" duration-ms="7320">
      <class name="GoogleTest">
        <test-method signature="openGoogleTest()[pri:0, instance:GoogleTest@53aac487]" started-at="2026-04-21T22:44:59 CEST" name="openGoogleTest" finished-at="2026-04-21T22:45:06 CEST" duration-ms="7125" status="PASS">
          <reporter-output>
          </reporter-output>
        </test-method> <!-- openGoogleTest -->
      </class> <!-- GoogleTest -->
    </test> <!-- Surefire test -->
  </suite> <!-- Surefire suite -->
</testng-results>
