<?xml version="1.0" encoding="UTF-8"?>
<testng-results ignored="0" total="1" passed="1" failed="0" skipped="0">
  <reporter-output>
  </reporter-output>
  <suite started-at="2026-03-12T09:10:59 CET" name="Surefire suite" finished-at="2026-03-12T09:11:05 CET" duration-ms="5501">
    <groups>
    </groups>
    <test started-at="2026-03-12T09:10:59 CET" name="Surefire test" finished-at="2026-03-12T09:11:05 CET" duration-ms="5501">
      <class name="GoogleTest">
        <test-method signature="openGoogleTest()[pri:0, instance:GoogleTest@53aac487]" started-at="2026-03-12T09:10:59 CET" name="openGoogleTest" finished-at="2026-03-12T09:11:05 CET" duration-ms="5350" status="PASS">
          <reporter-output>
          </reporter-output>
        </test-method> <!-- openGoogleTest -->
      </class> <!-- GoogleTest -->
    </test> <!-- Surefire test -->
  </suite> <!-- Surefire suite -->
</testng-results>
